2002.08.10 22:38 B C:\nord\NaI\100 --> eeter.fi.tartu.ee /home/dmitri/nord/NaI 100
2002.08.10 22:39 B C:\nord\NaI\100A --> eeter.fi.tartu.ee /home/dmitri/nord/NaI 100A
2002.08.10 22:40 B C:\nord\NaI\100b --> eeter.fi.tartu.ee /home/dmitri/nord/NaI 100b
2002.08.10 22:41 B C:\nord\NaI\110 --> eeter.fi.tartu.ee /home/dmitri/nord/NaI 110
2002.08.10 22:41 B C:\nord\NaI\110A --> eeter.fi.tartu.ee /home/dmitri/nord/NaI 110A
2002.08.10 22:42 B C:\nord\NaI\110b --> eeter.fi.tartu.ee /home/dmitri/nord/NaI 110b
2002.08.10 22:43 B C:\nord\NaI\111 --> eeter.fi.tartu.ee /home/dmitri/nord/NaI 111
2002.08.10 22:44 B C:\nord\NaI\111A --> eeter.fi.tartu.ee /home/dmitri/nord/NaI 111A
2002.08.10 22:45 B C:\nord\NaI\111b --> eeter.fi.tartu.ee /home/dmitri/nord/NaI 111b
2002.08.10 22:45 B C:\nord\NaI\amp-gamma.ps --> eeter.fi.tartu.ee /home/dmitri/nord/NaI amp-gamma.ps
2002.08.10 22:46 B C:\nord\NaI\DATA0.TXT --> eeter.fi.tartu.ee /home/dmitri/nord/NaI DATA0.TXT
2002.08.10 22:47 B C:\nord\NaI\DATA1.TXT --> eeter.fi.tartu.ee /home/dmitri/nord/NaI DATA1.TXT
2002.08.10 22:48 B C:\nord\NaI\DATA10.TXT --> eeter.fi.tartu.ee /home/dmitri/nord/NaI DATA10.TXT
2002.08.10 22:49 B C:\nord\NaI\DATA11.TXT --> eeter.fi.tartu.ee /home/dmitri/nord/NaI DATA11.TXT
2002.08.10 22:49 B C:\nord\NaI\DATA12.TXT --> eeter.fi.tartu.ee /home/dmitri/nord/NaI DATA12.TXT
2002.08.10 22:50 B C:\nord\NaI\DATA13.TXT --> eeter.fi.tartu.ee /home/dmitri/nord/NaI DATA13.TXT
2002.08.10 22:51 B C:\nord\NaI\DATA14.TXT --> eeter.fi.tartu.ee /home/dmitri/nord/NaI DATA14.TXT
2002.08.10 22:52 B C:\nord\NaI\DATA15.TXT --> eeter.fi.tartu.ee /home/dmitri/nord/NaI DATA15.TXT
2002.08.10 22:53 B C:\nord\NaI\DATA16.TXT --> eeter.fi.tartu.ee /home/dmitri/nord/NaI DATA16.TXT
2002.08.10 22:54 B C:\nord\NaI\DATA17.TXT --> eeter.fi.tartu.ee /home/dmitri/nord/NaI DATA17.TXT
2002.08.11 16:25 B C:\nord\NaI\DATA18.TXT --> eeter.fi.tartu.ee /home/dmitri/nord/NaI DATA18.TXT
2002.08.11 16:26 B C:\nord\NaI\DATA19.TXT --> eeter.fi.tartu.ee /home/dmitri/nord/NaI DATA19.TXT
2002.08.11 16:27 B C:\nord\NaI\DATA2.TXT --> eeter.fi.tartu.ee /home/dmitri/nord/NaI DATA2.TXT
2002.08.11 16:27 B C:\nord\NaI\DATA20.TXT --> eeter.fi.tartu.ee /home/dmitri/nord/NaI DATA20.TXT
2002.08.11 16:28 B C:\nord\NaI\DATA21.TXT --> eeter.fi.tartu.ee /home/dmitri/nord/NaI DATA21.TXT
2002.08.11 16:29 B C:\nord\NaI\DATA22.TXT --> eeter.fi.tartu.ee /home/dmitri/nord/NaI DATA22.TXT
2002.08.11 16:30 B C:\nord\NaI\DATA23.TXT --> eeter.fi.tartu.ee /home/dmitri/nord/NaI DATA23.TXT
2002.08.11 16:31 B C:\nord\NaI\DATA24.TXT --> eeter.fi.tartu.ee /home/dmitri/nord/NaI DATA24.TXT
2002.08.11 16:32 B C:\nord\NaI\DATA25.TXT --> eeter.fi.tartu.ee /home/dmitri/nord/NaI DATA25.TXT
2002.08.11 16:32 B C:\nord\NaI\DATA26.TXT --> eeter.fi.tartu.ee /home/dmitri/nord/NaI DATA26.TXT
2002.08.11 16:33 B C:\nord\NaI\DATA27.TXT --> eeter.fi.tartu.ee /home/dmitri/nord/NaI DATA27.TXT
2002.08.11 16:34 B C:\nord\NaI\DATA28.TXT --> eeter.fi.tartu.ee /home/dmitri/nord/NaI DATA28.TXT
2002.08.11 16:35 B C:\nord\NaI\DATA29.TXT --> eeter.fi.tartu.ee /home/dmitri/nord/NaI DATA29.TXT
2002.08.11 16:36 B C:\nord\NaI\DATA3.TXT --> eeter.fi.tartu.ee /home/dmitri/nord/NaI DATA3.TXT
2002.08.11 16:36 B C:\nord\NaI\DATA30.TXT --> eeter.fi.tartu.ee /home/dmitri/nord/NaI DATA30.TXT
2002.08.11 16:37 B C:\nord\NaI\DATA31.TXT --> eeter.fi.tartu.ee /home/dmitri/nord/NaI DATA31.TXT
2002.08.11 16:38 B C:\nord\NaI\DATA32.TXT --> eeter.fi.tartu.ee /home/dmitri/nord/NaI DATA32.TXT
2002.08.11 16:39 B C:\nord\NaI\DATA33.TXT --> eeter.fi.tartu.ee /home/dmitri/nord/NaI DATA33.TXT
2002.08.11 16:40 B C:\nord\NaI\DATA34.TXT --> eeter.fi.tartu.ee /home/dmitri/nord/NaI DATA34.TXT
2002.08.11 16:40 B C:\nord\NaI\DATA35.TXT --> eeter.fi.tartu.ee /home/dmitri/nord/NaI DATA35.TXT
2002.08.11 16:41 B C:\nord\NaI\DATA36.TXT --> eeter.fi.tartu.ee /home/dmitri/nord/NaI DATA36.TXT
2002.08.11 16:42 B C:\nord\NaI\DATA4.TXT --> eeter.fi.tartu.ee /home/dmitri/nord/NaI DATA4.TXT
2002.08.11 16:43 B C:\nord\NaI\DATA5.TXT --> eeter.fi.tartu.ee /home/dmitri/nord/NaI DATA5.TXT
2002.08.11 16:44 B C:\nord\NaI\DATA6.TXT --> eeter.fi.tartu.ee /home/dmitri/nord/NaI DATA6.TXT
2002.08.11 16:45 B C:\nord\NaI\DATA7.TXT --> eeter.fi.tartu.ee /home/dmitri/nord/NaI DATA7.TXT
2002.08.11 16:45 B C:\nord\NaI\DATA8.TXT --> eeter.fi.tartu.ee /home/dmitri/nord/NaI DATA8.TXT
2002.08.11 16:46 B C:\nord\NaI\DATA9.TXT --> eeter.fi.tartu.ee /home/dmitri/nord/NaI DATA9.TXT
2002.08.11 16:47 B C:\nord\NaI\dynamic.for --> eeter.fi.tartu.ee /home/dmitri/nord/NaI dynamic.for
2002.08.11 16:48 B C:\nord\NaI\g22.ps --> eeter.fi.tartu.ee /home/dmitri/nord/NaI g22.ps
