2002.02.27 14:50 B D:\nord\KCl\DATA0.TXT --> eeter.fi.tartu.ee /home/dmitri/nord/KCl DATA0.TXT
2002.02.27 14:51 B D:\nord\KCl\DATA1.TXT --> eeter.fi.tartu.ee /home/dmitri/nord/KCl DATA1.TXT
2002.02.27 14:52 B D:\nord\KCl\DATA10.TXT --> eeter.fi.tartu.ee /home/dmitri/nord/KCl DATA10.TXT
2002.02.27 14:53 B D:\nord\KCl\DATA11.TXT --> eeter.fi.tartu.ee /home/dmitri/nord/KCl DATA11.TXT
2002.02.27 14:53 B D:\nord\KCl\DATA12.TXT --> eeter.fi.tartu.ee /home/dmitri/nord/KCl DATA12.TXT
2002.02.27 14:54 B D:\nord\KCl\DATA13.TXT --> eeter.fi.tartu.ee /home/dmitri/nord/KCl DATA13.TXT
2002.02.27 14:55 B D:\nord\KCl\DATA14.TXT --> eeter.fi.tartu.ee /home/dmitri/nord/KCl DATA14.TXT
2002.02.27 14:56 B D:\nord\KCl\DATA15.TXT --> eeter.fi.tartu.ee /home/dmitri/nord/KCl DATA15.TXT
2002.02.27 14:58 B D:\nord\KCl\DATA16.TXT --> eeter.fi.tartu.ee /home/dmitri/nord/KCl DATA16.TXT
2002.02.27 14:58 B D:\nord\KCl\DATA17.TXT --> eeter.fi.tartu.ee /home/dmitri/nord/KCl DATA17.TXT
2002.02.27 14:59 B D:\nord\KCl\DATA18.TXT --> eeter.fi.tartu.ee /home/dmitri/nord/KCl DATA18.TXT
2002.02.27 15:00 B D:\nord\KCl\DATA19.TXT --> eeter.fi.tartu.ee /home/dmitri/nord/KCl DATA19.TXT
2002.02.27 15:01 B D:\nord\KCl\DATA2.TXT --> eeter.fi.tartu.ee /home/dmitri/nord/KCl DATA2.TXT
2002.02.27 15:02 B D:\nord\KCl\DATA20.TXT --> eeter.fi.tartu.ee /home/dmitri/nord/KCl DATA20.TXT
2002.02.27 15:03 B D:\nord\KCl\DATA21.TXT --> eeter.fi.tartu.ee /home/dmitri/nord/KCl DATA21.TXT
2002.02.27 15:03 B D:\nord\KCl\DATA22.TXT --> eeter.fi.tartu.ee /home/dmitri/nord/KCl DATA22.TXT
2002.02.27 15:04 B D:\nord\KCl\DATA23.TXT --> eeter.fi.tartu.ee /home/dmitri/nord/KCl DATA23.TXT
2002.02.27 15:05 B D:\nord\KCl\DATA24.TXT --> eeter.fi.tartu.ee /home/dmitri/nord/KCl DATA24.TXT
2002.02.27 15:06 B D:\nord\KCl\DATA25.TXT --> eeter.fi.tartu.ee /home/dmitri/nord/KCl DATA25.TXT
2002.02.27 15:07 B D:\nord\KCl\DATA26.TXT --> eeter.fi.tartu.ee /home/dmitri/nord/KCl DATA26.TXT
2002.02.27 15:08 B D:\nord\KCl\DATA27.TXT --> eeter.fi.tartu.ee /home/dmitri/nord/KCl DATA27.TXT
2002.02.27 15:09 B D:\nord\KCl\DATA28.TXT --> eeter.fi.tartu.ee /home/dmitri/nord/KCl DATA28.TXT
2002.02.27 15:09 B D:\nord\KCl\DATA29.TXT --> eeter.fi.tartu.ee /home/dmitri/nord/KCl DATA29.TXT
2002.02.27 15:10 B D:\nord\KCl\DATA3.TXT --> eeter.fi.tartu.ee /home/dmitri/nord/KCl DATA3.TXT
2002.02.27 15:11 B D:\nord\KCl\DATA30.TXT --> eeter.fi.tartu.ee /home/dmitri/nord/KCl DATA30.TXT
2002.02.27 15:12 B D:\nord\KCl\DATA31.TXT --> eeter.fi.tartu.ee /home/dmitri/nord/KCl DATA31.TXT
2002.02.27 15:13 B D:\nord\KCl\DATA32.TXT --> eeter.fi.tartu.ee /home/dmitri/nord/KCl DATA32.TXT
2002.02.27 15:13 B D:\nord\KCl\DATA33.TXT --> eeter.fi.tartu.ee /home/dmitri/nord/KCl DATA33.TXT
2002.02.27 15:14 B D:\nord\KCl\DATA34.TXT --> eeter.fi.tartu.ee /home/dmitri/nord/KCl DATA34.TXT
2002.02.27 15:15 B D:\nord\KCl\DATA35.TXT --> eeter.fi.tartu.ee /home/dmitri/nord/KCl DATA35.TXT
2002.02.27 17:48 B D:\nord\KCl\DATA36.TXT --> eeter.fi.tartu.ee /home/dmitri/nord/KCl DATA36.TXT
2002.02.27 17:49 B D:\nord\KCl\DATA4.TXT --> eeter.fi.tartu.ee /home/dmitri/nord/KCl DATA4.TXT
2002.02.27 17:50 B D:\nord\KCl\DATA5.TXT --> eeter.fi.tartu.ee /home/dmitri/nord/KCl DATA5.TXT
2002.02.27 17:50 B D:\nord\KCl\DATA6.TXT --> eeter.fi.tartu.ee /home/dmitri/nord/KCl DATA6.TXT
2002.02.27 17:51 B D:\nord\KCl\DATA7.TXT --> eeter.fi.tartu.ee /home/dmitri/nord/KCl DATA7.TXT
2002.02.27 17:52 B D:\nord\KCl\DATA8.TXT --> eeter.fi.tartu.ee /home/dmitri/nord/KCl DATA8.TXT
2002.02.27 17:53 B D:\nord\KCl\DATA9.TXT --> eeter.fi.tartu.ee /home/dmitri/nord/KCl DATA9.TXT
2002.02.27 17:54 B D:\nord\KCl\ggg.for --> eeter.fi.tartu.ee /home/dmitri/nord/KCl ggg.for
2002.02.27 17:55 B D:\nord\KCl\k3a.for --> eeter.fi.tartu.ee /home/dmitri/nord/KCl k3a.for
2002.02.27 17:55 B D:\nord\KCl\k3cla.for --> eeter.fi.tartu.ee /home/dmitri/nord/KCl k3cla.for
2002.02.27 17:56 B D:\nord\KCl\NA100.DAT --> eeter.fi.tartu.ee /home/dmitri/nord/KCl NA100.DAT
2002.02.27 17:57 B D:\nord\KCl\norm.for --> eeter.fi.tartu.ee /home/dmitri/nord/KCl norm.for
2002.02.27 17:58 B D:\nord\KCl\WS_FTP.LOG --> eeter.fi.tartu.ee /home/dmitri/nord/KCl WS_FTP.LOG
