2002.08.10 21:55 B C:\nord\NaBr\100 --> eeter.fi.tartu.ee /home/dmitri/nord/NaBr 100
2002.08.10 21:56 B C:\nord\NaBr\110 --> eeter.fi.tartu.ee /home/dmitri/nord/NaBr 110
2002.08.10 21:57 B C:\nord\NaBr\111 --> eeter.fi.tartu.ee /home/dmitri/nord/NaBr 111
2002.08.10 21:58 B C:\nord\NaBr\DATA0.TXT --> eeter.fi.tartu.ee /home/dmitri/nord/NaBr DATA0.TXT
2002.08.10 21:59 B C:\nord\NaBr\DATA1.TXT --> eeter.fi.tartu.ee /home/dmitri/nord/NaBr DATA1.TXT
2002.08.10 22:00 B C:\nord\NaBr\DATA10.TXT --> eeter.fi.tartu.ee /home/dmitri/nord/NaBr DATA10.TXT
2002.08.10 22:00 B C:\nord\NaBr\DATA11.TXT --> eeter.fi.tartu.ee /home/dmitri/nord/NaBr DATA11.TXT
2002.08.10 22:01 B C:\nord\NaBr\DATA12.TXT --> eeter.fi.tartu.ee /home/dmitri/nord/NaBr DATA12.TXT
2002.08.10 22:02 B C:\nord\NaBr\DATA13.TXT --> eeter.fi.tartu.ee /home/dmitri/nord/NaBr DATA13.TXT
2002.08.10 22:03 B C:\nord\NaBr\DATA14.TXT --> eeter.fi.tartu.ee /home/dmitri/nord/NaBr DATA14.TXT
2002.08.10 22:04 B C:\nord\NaBr\DATA15.TXT --> eeter.fi.tartu.ee /home/dmitri/nord/NaBr DATA15.TXT
2002.08.10 22:05 B C:\nord\NaBr\DATA16.TXT --> eeter.fi.tartu.ee /home/dmitri/nord/NaBr DATA16.TXT
2002.08.10 22:05 B C:\nord\NaBr\DATA17.TXT --> eeter.fi.tartu.ee /home/dmitri/nord/NaBr DATA17.TXT
2002.08.10 22:06 B C:\nord\NaBr\DATA18.TXT --> eeter.fi.tartu.ee /home/dmitri/nord/NaBr DATA18.TXT
2002.08.10 22:07 B C:\nord\NaBr\DATA19.TXT --> eeter.fi.tartu.ee /home/dmitri/nord/NaBr DATA19.TXT
2002.08.10 22:08 B C:\nord\NaBr\DATA2.TXT --> eeter.fi.tartu.ee /home/dmitri/nord/NaBr DATA2.TXT
2002.08.10 22:09 B C:\nord\NaBr\DATA20.TXT --> eeter.fi.tartu.ee /home/dmitri/nord/NaBr DATA20.TXT
2002.08.10 22:10 B C:\nord\NaBr\DATA21.TXT --> eeter.fi.tartu.ee /home/dmitri/nord/NaBr DATA21.TXT
2002.08.10 22:10 B C:\nord\NaBr\DATA22.TXT --> eeter.fi.tartu.ee /home/dmitri/nord/NaBr DATA22.TXT
2002.08.10 22:11 B C:\nord\NaBr\DATA23.TXT --> eeter.fi.tartu.ee /home/dmitri/nord/NaBr DATA23.TXT
2002.08.10 22:12 B C:\nord\NaBr\DATA24.TXT --> eeter.fi.tartu.ee /home/dmitri/nord/NaBr DATA24.TXT
2002.08.10 22:13 B C:\nord\NaBr\DATA25.TXT --> eeter.fi.tartu.ee /home/dmitri/nord/NaBr DATA25.TXT
2002.08.10 22:14 B C:\nord\NaBr\DATA26.TXT --> eeter.fi.tartu.ee /home/dmitri/nord/NaBr DATA26.TXT
2002.08.10 22:15 B C:\nord\NaBr\DATA27.TXT --> eeter.fi.tartu.ee /home/dmitri/nord/NaBr DATA27.TXT
2002.08.10 22:15 B C:\nord\NaBr\DATA28.TXT --> eeter.fi.tartu.ee /home/dmitri/nord/NaBr DATA28.TXT
2002.08.10 22:16 B C:\nord\NaBr\DATA29.TXT --> eeter.fi.tartu.ee /home/dmitri/nord/NaBr DATA29.TXT
2002.08.10 22:17 B C:\nord\NaBr\DATA3.TXT --> eeter.fi.tartu.ee /home/dmitri/nord/NaBr DATA3.TXT
2002.08.10 22:18 B C:\nord\NaBr\DATA30.TXT --> eeter.fi.tartu.ee /home/dmitri/nord/NaBr DATA30.TXT
2002.08.10 22:19 B C:\nord\NaBr\DATA31.TXT --> eeter.fi.tartu.ee /home/dmitri/nord/NaBr DATA31.TXT
2002.08.10 22:20 B C:\nord\NaBr\DATA32.TXT --> eeter.fi.tartu.ee /home/dmitri/nord/NaBr DATA32.TXT
2002.08.10 22:20 B C:\nord\NaBr\DATA33.TXT --> eeter.fi.tartu.ee /home/dmitri/nord/NaBr DATA33.TXT
2002.08.10 22:21 B C:\nord\NaBr\DATA34.TXT --> eeter.fi.tartu.ee /home/dmitri/nord/NaBr DATA34.TXT
2002.08.10 22:22 B C:\nord\NaBr\DATA35.TXT --> eeter.fi.tartu.ee /home/dmitri/nord/NaBr DATA35.TXT
2002.08.10 22:23 B C:\nord\NaBr\DATA36.TXT --> eeter.fi.tartu.ee /home/dmitri/nord/NaBr DATA36.TXT
2002.08.10 22:24 B C:\nord\NaBr\DATA4.TXT --> eeter.fi.tartu.ee /home/dmitri/nord/NaBr DATA4.TXT
2002.08.10 22:25 B C:\nord\NaBr\DATA5.TXT --> eeter.fi.tartu.ee /home/dmitri/nord/NaBr DATA5.TXT
2002.08.10 22:25 B C:\nord\NaBr\DATA6.TXT --> eeter.fi.tartu.ee /home/dmitri/nord/NaBr DATA6.TXT
2002.08.10 22:26 B C:\nord\NaBr\DATA7.TXT --> eeter.fi.tartu.ee /home/dmitri/nord/NaBr DATA7.TXT
2002.08.10 22:27 B C:\nord\NaBr\DATA8.TXT --> eeter.fi.tartu.ee /home/dmitri/nord/NaBr DATA8.TXT
2002.08.10 22:28 B C:\nord\NaBr\DATA9.TXT --> eeter.fi.tartu.ee /home/dmitri/nord/NaBr DATA9.TXT
2002.08.10 22:29 B C:\nord\NaBr\ggg.for --> eeter.fi.tartu.ee /home/dmitri/nord/NaBr ggg.for
2002.08.10 22:30 B C:\nord\NaBr\k3a.for --> eeter.fi.tartu.ee /home/dmitri/nord/NaBr k3a.for
2002.08.10 22:30 B C:\nord\NaBr\nabr.ps --> eeter.fi.tartu.ee /home/dmitri/nord/NaBr nabr.ps
2002.08.10 22:31 B C:\nord\NaBr\NABR100.DAT --> eeter.fi.tartu.ee /home/dmitri/nord/NaBr NABR100.DAT
2002.08.10 22:32 B C:\nord\NaBr\NABR110.DAT --> eeter.fi.tartu.ee /home/dmitri/nord/NaBr NABR110.DAT
2002.08.10 22:33 B C:\nord\NaBr\NABR111.DAT --> eeter.fi.tartu.ee /home/dmitri/nord/NaBr NABR111.DAT
2002.08.10 22:33 B C:\nord\NaBr\norm.for --> eeter.fi.tartu.ee /home/dmitri/nord/NaBr norm.for
2002.08.10 22:34 B C:\nord\NaBr\plot --> eeter.fi.tartu.ee /home/dmitri/nord/NaBr plot
2002.08.10 22:35 B C:\nord\NaBr\TEMP.TXT --> eeter.fi.tartu.ee /home/dmitri/nord/NaBr TEMP.TXT
2002.08.11 16:22 B C:\nord\NaBr\WS_FTP.LOG --> eeter.fi.tartu.ee /home/dmitri/nord/NaBr WS_FTP.LOG
