2002.02.27 18:44 B D:\nord\KI-Na\DATA0.TXT --> eeter.fi.tartu.ee /home/dmitri/nord/KI-Na DATA0.TXT
2002.02.27 18:44 B D:\nord\KI-Na\DATA1.TXT --> eeter.fi.tartu.ee /home/dmitri/nord/KI-Na DATA1.TXT
2002.02.27 18:45 B D:\nord\KI-Na\DATA10.TXT --> eeter.fi.tartu.ee /home/dmitri/nord/KI-Na DATA10.TXT
2002.02.27 18:46 B D:\nord\KI-Na\DATA11.TXT --> eeter.fi.tartu.ee /home/dmitri/nord/KI-Na DATA11.TXT
2002.02.27 18:47 B D:\nord\KI-Na\DATA12.TXT --> eeter.fi.tartu.ee /home/dmitri/nord/KI-Na DATA12.TXT
2002.02.27 18:48 B D:\nord\KI-Na\DATA13.TXT --> eeter.fi.tartu.ee /home/dmitri/nord/KI-Na DATA13.TXT
2002.02.27 18:49 B D:\nord\KI-Na\DATA14.TXT --> eeter.fi.tartu.ee /home/dmitri/nord/KI-Na DATA14.TXT
2002.02.27 18:50 B D:\nord\KI-Na\DATA15.TXT --> eeter.fi.tartu.ee /home/dmitri/nord/KI-Na DATA15.TXT
2002.02.27 18:50 B D:\nord\KI-Na\DATA16.TXT --> eeter.fi.tartu.ee /home/dmitri/nord/KI-Na DATA16.TXT
2002.02.27 18:51 B D:\nord\KI-Na\DATA17.TXT --> eeter.fi.tartu.ee /home/dmitri/nord/KI-Na DATA17.TXT
2002.02.27 18:52 B D:\nord\KI-Na\DATA18.TXT --> eeter.fi.tartu.ee /home/dmitri/nord/KI-Na DATA18.TXT
2002.02.27 18:53 B D:\nord\KI-Na\DATA19.TXT --> eeter.fi.tartu.ee /home/dmitri/nord/KI-Na DATA19.TXT
2002.02.27 18:54 B D:\nord\KI-Na\DATA2.TXT --> eeter.fi.tartu.ee /home/dmitri/nord/KI-Na DATA2.TXT
2002.02.27 18:55 B D:\nord\KI-Na\DATA20.TXT --> eeter.fi.tartu.ee /home/dmitri/nord/KI-Na DATA20.TXT
2002.02.27 18:56 B D:\nord\KI-Na\DATA21.TXT --> eeter.fi.tartu.ee /home/dmitri/nord/KI-Na DATA21.TXT
2002.02.27 18:56 B D:\nord\KI-Na\DATA22.TXT --> eeter.fi.tartu.ee /home/dmitri/nord/KI-Na DATA22.TXT
2002.02.27 18:57 B D:\nord\KI-Na\DATA23.TXT --> eeter.fi.tartu.ee /home/dmitri/nord/KI-Na DATA23.TXT
2002.02.27 18:58 B D:\nord\KI-Na\DATA24.TXT --> eeter.fi.tartu.ee /home/dmitri/nord/KI-Na DATA24.TXT
2002.02.27 18:59 B D:\nord\KI-Na\DATA25.TXT --> eeter.fi.tartu.ee /home/dmitri/nord/KI-Na DATA25.TXT
2002.02.27 19:00 B D:\nord\KI-Na\DATA26.TXT --> eeter.fi.tartu.ee /home/dmitri/nord/KI-Na DATA26.TXT
2002.02.27 19:01 B D:\nord\KI-Na\DATA27.TXT --> eeter.fi.tartu.ee /home/dmitri/nord/KI-Na DATA27.TXT
2002.02.27 19:01 B D:\nord\KI-Na\DATA28.TXT --> eeter.fi.tartu.ee /home/dmitri/nord/KI-Na DATA28.TXT
2002.02.27 19:02 B D:\nord\KI-Na\DATA29.TXT --> eeter.fi.tartu.ee /home/dmitri/nord/KI-Na DATA29.TXT
2002.02.27 19:03 B D:\nord\KI-Na\DATA3.TXT --> eeter.fi.tartu.ee /home/dmitri/nord/KI-Na DATA3.TXT
2002.02.27 19:04 B D:\nord\KI-Na\DATA30.TXT --> eeter.fi.tartu.ee /home/dmitri/nord/KI-Na DATA30.TXT
2002.02.27 19:05 B D:\nord\KI-Na\DATA31.TXT --> eeter.fi.tartu.ee /home/dmitri/nord/KI-Na DATA31.TXT
2002.02.27 19:06 B D:\nord\KI-Na\DATA32.TXT --> eeter.fi.tartu.ee /home/dmitri/nord/KI-Na DATA32.TXT
2002.02.27 19:07 B D:\nord\KI-Na\DATA33.TXT --> eeter.fi.tartu.ee /home/dmitri/nord/KI-Na DATA33.TXT
2002.02.27 19:08 B D:\nord\KI-Na\DATA34.TXT --> eeter.fi.tartu.ee /home/dmitri/nord/KI-Na DATA34.TXT
2002.02.27 19:08 B D:\nord\KI-Na\DATA35.TXT --> eeter.fi.tartu.ee /home/dmitri/nord/KI-Na DATA35.TXT
2002.02.27 19:09 B D:\nord\KI-Na\DATA36.TXT --> eeter.fi.tartu.ee /home/dmitri/nord/KI-Na DATA36.TXT
2002.02.27 19:10 B D:\nord\KI-Na\DATA4.TXT --> eeter.fi.tartu.ee /home/dmitri/nord/KI-Na DATA4.TXT
2002.02.27 19:11 B D:\nord\KI-Na\DATA5.TXT --> eeter.fi.tartu.ee /home/dmitri/nord/KI-Na DATA5.TXT
2002.02.27 19:12 B D:\nord\KI-Na\DATA6.TXT --> eeter.fi.tartu.ee /home/dmitri/nord/KI-Na DATA6.TXT
2002.02.27 19:12 B D:\nord\KI-Na\DATA7.TXT --> eeter.fi.tartu.ee /home/dmitri/nord/KI-Na DATA7.TXT
2002.02.27 19:13 B D:\nord\KI-Na\DATA8.TXT --> eeter.fi.tartu.ee /home/dmitri/nord/KI-Na DATA8.TXT
2002.02.27 19:14 B D:\nord\KI-Na\DATA9.TXT --> eeter.fi.tartu.ee /home/dmitri/nord/KI-Na DATA9.TXT
2002.02.27 19:15 B D:\nord\KI-Na\ggg.for --> eeter.fi.tartu.ee /home/dmitri/nord/KI-Na ggg.for
2002.02.27 19:16 B D:\nord\KI-Na\k3a.for --> eeter.fi.tartu.ee /home/dmitri/nord/KI-Na k3a.for
2002.02.27 19:17 B D:\nord\KI-Na\k3cla.for --> eeter.fi.tartu.ee /home/dmitri/nord/KI-Na k3cla.for
2002.02.27 19:18 B D:\nord\KI-Na\KI-NA100.DAT --> eeter.fi.tartu.ee /home/dmitri/nord/KI-Na KI-NA100.DAT
2002.02.27 19:18 B D:\nord\KI-Na\KI-NA111.DAT --> eeter.fi.tartu.ee /home/dmitri/nord/KI-Na KI-NA111.DAT
2002.02.27 19:19 B D:\nord\KI-Na\KI100.DAT --> eeter.fi.tartu.ee /home/dmitri/nord/KI-Na KI100.DAT
2002.02.27 19:20 B D:\nord\KI-Na\norm.for --> eeter.fi.tartu.ee /home/dmitri/nord/KI-Na norm.for
2002.08.10 21:08 B C:\nord\KI-Na\WS_FTP.LOG --> eeter.fi.tartu.ee /home/dmitri/nord/KI-Na WS_FTP.LOG
