2002.02.27 15:34 B D:\nord\KI\k3a.for --> eeter.fi.tartu.ee /home/dmitri/nord/KI k3a.for
2002.02.27 15:35 B D:\nord\KI\plot --> eeter.fi.tartu.ee /home/dmitri/nord/KI plot
2002.02.27 15:35 B D:\nord\KI\110 --> eeter.fi.tartu.ee /home/dmitri/nord/KI 110
2002.02.27 15:36 B D:\nord\KI\ki1000.dat --> eeter.fi.tartu.ee /home/dmitri/nord/KI ki1000.dat
2002.02.27 15:37 B D:\nord\KI\100 --> eeter.fi.tartu.ee /home/dmitri/nord/KI 100
2002.02.27 15:38 B D:\nord\KI\figure7.ps; --> eeter.fi.tartu.ee /home/dmitri/nord/KI figure7.ps;
2002.02.27 15:39 B D:\nord\KI\plot1 --> eeter.fi.tartu.ee /home/dmitri/nord/KI plot1
2002.02.27 15:40 B D:\nord\KI\111a --> eeter.fi.tartu.ee /home/dmitri/nord/KI 111a
2002.02.27 15:40 B D:\nord\KI\110b --> eeter.fi.tartu.ee /home/dmitri/nord/KI 110b
2002.02.27 15:41 B D:\nord\KI\100b --> eeter.fi.tartu.ee /home/dmitri/nord/KI 100b
2002.02.27 15:42 B D:\nord\KI\k3cla.for --> eeter.fi.tartu.ee /home/dmitri/nord/KI k3cla.for
2002.02.27 15:43 B D:\nord\KI\a.for --> eeter.fi.tartu.ee /home/dmitri/nord/KI a.for
2002.02.27 15:44 B D:\nord\KI\ki-amp-gamma.ps --> eeter.fi.tartu.ee /home/dmitri/nord/KI ki-amp-gamma.ps
2002.02.27 15:44 B D:\nord\KI\time-gamm.ps --> eeter.fi.tartu.ee /home/dmitri/nord/KI time-gamm.ps
2002.02.27 15:45 B D:\nord\KI\111 --> eeter.fi.tartu.ee /home/dmitri/nord/KI 111
2002.02.27 15:46 B D:\nord\KI\time-gamma.ps --> eeter.fi.tartu.ee /home/dmitri/nord/KI time-gamma.ps
2002.02.27 15:47 B D:\nord\KI\amp-gamma.ps --> eeter.fi.tartu.ee /home/dmitri/nord/KI amp-gamma.ps
2002.02.27 15:48 B D:\nord\KI\111.txt --> eeter.fi.tartu.ee /home/dmitri/nord/KI 111.txt
2002.02.27 15:49 B D:\nord\KI\ki.ps --> eeter.fi.tartu.ee /home/dmitri/nord/KI ki.ps
2002.02.27 15:50 B D:\nord\KI\110a --> eeter.fi.tartu.ee /home/dmitri/nord/KI 110a
2002.02.27 15:50 B D:\nord\KI\norm.for --> eeter.fi.tartu.ee /home/dmitri/nord/KI norm.for
2002.02.27 15:51 B D:\nord\KI\DATA9.TXT --> eeter.fi.tartu.ee /home/dmitri/nord/KI DATA9.TXT
2002.02.27 15:52 B D:\nord\KI\DATA8.TXT --> eeter.fi.tartu.ee /home/dmitri/nord/KI DATA8.TXT
2002.02.27 15:53 B D:\nord\KI\DATA7.TXT --> eeter.fi.tartu.ee /home/dmitri/nord/KI DATA7.TXT
2002.02.27 15:54 B D:\nord\KI\DATA6.TXT --> eeter.fi.tartu.ee /home/dmitri/nord/KI DATA6.TXT
2002.02.27 15:55 B D:\nord\KI\DATA5.TXT --> eeter.fi.tartu.ee /home/dmitri/nord/KI DATA5.TXT
2002.02.27 15:56 B D:\nord\KI\DATA4.TXT --> eeter.fi.tartu.ee /home/dmitri/nord/KI DATA4.TXT
2002.02.27 15:56 B D:\nord\KI\DATA36.TXT --> eeter.fi.tartu.ee /home/dmitri/nord/KI DATA36.TXT
2002.02.27 15:57 B D:\nord\KI\DATA35.TXT --> eeter.fi.tartu.ee /home/dmitri/nord/KI DATA35.TXT
2002.02.27 15:58 B D:\nord\KI\DATA34.TXT --> eeter.fi.tartu.ee /home/dmitri/nord/KI DATA34.TXT
2002.02.27 15:59 B D:\nord\KI\DATA33.TXT --> eeter.fi.tartu.ee /home/dmitri/nord/KI DATA33.TXT
2002.02.27 16:00 B D:\nord\KI\DATA32.TXT --> eeter.fi.tartu.ee /home/dmitri/nord/KI DATA32.TXT
2002.02.27 16:01 B D:\nord\KI\DATA31.TXT --> eeter.fi.tartu.ee /home/dmitri/nord/KI DATA31.TXT
2002.02.27 16:02 B D:\nord\KI\DATA30.TXT --> eeter.fi.tartu.ee /home/dmitri/nord/KI DATA30.TXT
2002.02.27 16:02 B D:\nord\KI\DATA3.TXT --> eeter.fi.tartu.ee /home/dmitri/nord/KI DATA3.TXT
2002.02.27 16:03 B D:\nord\KI\DATA29.TXT --> eeter.fi.tartu.ee /home/dmitri/nord/KI DATA29.TXT
2002.02.27 16:04 B D:\nord\KI\DATA28.TXT --> eeter.fi.tartu.ee /home/dmitri/nord/KI DATA28.TXT
2002.02.27 16:05 B D:\nord\KI\DATA27.TXT --> eeter.fi.tartu.ee /home/dmitri/nord/KI DATA27.TXT
2002.02.27 16:06 B D:\nord\KI\DATA26.TXT --> eeter.fi.tartu.ee /home/dmitri/nord/KI DATA26.TXT
2002.02.27 16:07 B D:\nord\KI\DATA25.TXT --> eeter.fi.tartu.ee /home/dmitri/nord/KI DATA25.TXT
2002.02.27 16:08 B D:\nord\KI\DATA24.TXT --> eeter.fi.tartu.ee /home/dmitri/nord/KI DATA24.TXT
2002.08.10 21:01 B C:\nord\KI\a.exe --> eeter.fi.tartu.ee /home/dmitri/nord/KI a.exe
2002.08.10 21:02 B C:\nord\KI\k3a_new.for --> eeter.fi.tartu.ee /home/dmitri/nord/KI k3a_new.for
2002.08.11 16:09 B C:\nord\KI\WS_FTP.LOG --> eeter.fi.tartu.ee /home/dmitri/nord/KI WS_FTP.LOG
