2002.02.27 18:06 B D:\nord\KI-Cl\DATA0.TXT --> eeter.fi.tartu.ee /home/dmitri/nord/KI-Cl DATA0.TXT
2002.02.27 18:07 B D:\nord\KI-Cl\DATA1.TXT --> eeter.fi.tartu.ee /home/dmitri/nord/KI-Cl DATA1.TXT
2002.02.27 18:08 B D:\nord\KI-Cl\DATA10.TXT --> eeter.fi.tartu.ee /home/dmitri/nord/KI-Cl DATA10.TXT
2002.02.27 18:09 B D:\nord\KI-Cl\DATA11.TXT --> eeter.fi.tartu.ee /home/dmitri/nord/KI-Cl DATA11.TXT
2002.02.27 18:10 B D:\nord\KI-Cl\DATA12.TXT --> eeter.fi.tartu.ee /home/dmitri/nord/KI-Cl DATA12.TXT
2002.02.27 18:10 B D:\nord\KI-Cl\DATA13.TXT --> eeter.fi.tartu.ee /home/dmitri/nord/KI-Cl DATA13.TXT
2002.02.27 18:11 B D:\nord\KI-Cl\DATA14.TXT --> eeter.fi.tartu.ee /home/dmitri/nord/KI-Cl DATA14.TXT
2002.02.27 18:12 B D:\nord\KI-Cl\DATA15.TXT --> eeter.fi.tartu.ee /home/dmitri/nord/KI-Cl DATA15.TXT
2002.02.27 18:13 B D:\nord\KI-Cl\DATA16.TXT --> eeter.fi.tartu.ee /home/dmitri/nord/KI-Cl DATA16.TXT
2002.02.27 18:14 B D:\nord\KI-Cl\DATA17.TXT --> eeter.fi.tartu.ee /home/dmitri/nord/KI-Cl DATA17.TXT
2002.02.27 18:15 B D:\nord\KI-Cl\DATA18.TXT --> eeter.fi.tartu.ee /home/dmitri/nord/KI-Cl DATA18.TXT
2002.02.27 18:15 B D:\nord\KI-Cl\DATA19.TXT --> eeter.fi.tartu.ee /home/dmitri/nord/KI-Cl DATA19.TXT
2002.02.27 18:16 B D:\nord\KI-Cl\DATA2.TXT --> eeter.fi.tartu.ee /home/dmitri/nord/KI-Cl DATA2.TXT
2002.02.27 18:17 B D:\nord\KI-Cl\DATA20.TXT --> eeter.fi.tartu.ee /home/dmitri/nord/KI-Cl DATA20.TXT
2002.02.27 18:18 B D:\nord\KI-Cl\DATA21.TXT --> eeter.fi.tartu.ee /home/dmitri/nord/KI-Cl DATA21.TXT
2002.02.27 18:19 B D:\nord\KI-Cl\DATA22.TXT --> eeter.fi.tartu.ee /home/dmitri/nord/KI-Cl DATA22.TXT
2002.02.27 18:19 B D:\nord\KI-Cl\DATA23.TXT --> eeter.fi.tartu.ee /home/dmitri/nord/KI-Cl DATA23.TXT
2002.02.27 18:20 B D:\nord\KI-Cl\DATA24.TXT --> eeter.fi.tartu.ee /home/dmitri/nord/KI-Cl DATA24.TXT
2002.02.27 18:21 B D:\nord\KI-Cl\DATA25.TXT --> eeter.fi.tartu.ee /home/dmitri/nord/KI-Cl DATA25.TXT
2002.02.27 18:22 B D:\nord\KI-Cl\DATA26.TXT --> eeter.fi.tartu.ee /home/dmitri/nord/KI-Cl DATA26.TXT
2002.02.27 18:23 B D:\nord\KI-Cl\DATA27.TXT --> eeter.fi.tartu.ee /home/dmitri/nord/KI-Cl DATA27.TXT
2002.02.27 18:24 B D:\nord\KI-Cl\DATA28.TXT --> eeter.fi.tartu.ee /home/dmitri/nord/KI-Cl DATA28.TXT
2002.02.27 18:24 B D:\nord\KI-Cl\DATA29.TXT --> eeter.fi.tartu.ee /home/dmitri/nord/KI-Cl DATA29.TXT
2002.02.27 18:25 B D:\nord\KI-Cl\DATA3.TXT --> eeter.fi.tartu.ee /home/dmitri/nord/KI-Cl DATA3.TXT
2002.02.27 18:26 B D:\nord\KI-Cl\DATA30.TXT --> eeter.fi.tartu.ee /home/dmitri/nord/KI-Cl DATA30.TXT
2002.02.27 18:27 B D:\nord\KI-Cl\DATA31.TXT --> eeter.fi.tartu.ee /home/dmitri/nord/KI-Cl DATA31.TXT
2002.02.27 18:28 B D:\nord\KI-Cl\DATA32.TXT --> eeter.fi.tartu.ee /home/dmitri/nord/KI-Cl DATA32.TXT
2002.02.27 18:29 B D:\nord\KI-Cl\DATA33.TXT --> eeter.fi.tartu.ee /home/dmitri/nord/KI-Cl DATA33.TXT
2002.02.27 18:29 B D:\nord\KI-Cl\DATA34.TXT --> eeter.fi.tartu.ee /home/dmitri/nord/KI-Cl DATA34.TXT
2002.02.27 18:30 B D:\nord\KI-Cl\DATA35.TXT --> eeter.fi.tartu.ee /home/dmitri/nord/KI-Cl DATA35.TXT
2002.02.27 18:31 B D:\nord\KI-Cl\DATA36.TXT --> eeter.fi.tartu.ee /home/dmitri/nord/KI-Cl DATA36.TXT
2002.02.27 18:32 B D:\nord\KI-Cl\DATA4.TXT --> eeter.fi.tartu.ee /home/dmitri/nord/KI-Cl DATA4.TXT
2002.02.27 18:33 B D:\nord\KI-Cl\DATA5.TXT --> eeter.fi.tartu.ee /home/dmitri/nord/KI-Cl DATA5.TXT
2002.02.27 18:34 B D:\nord\KI-Cl\DATA6.TXT --> eeter.fi.tartu.ee /home/dmitri/nord/KI-Cl DATA6.TXT
2002.02.27 18:35 B D:\nord\KI-Cl\DATA7.TXT --> eeter.fi.tartu.ee /home/dmitri/nord/KI-Cl DATA7.TXT
2002.02.27 18:36 B D:\nord\KI-Cl\DATA8.TXT --> eeter.fi.tartu.ee /home/dmitri/nord/KI-Cl DATA8.TXT
2002.02.27 18:36 B D:\nord\KI-Cl\DATA9.TXT --> eeter.fi.tartu.ee /home/dmitri/nord/KI-Cl DATA9.TXT
2002.02.27 18:37 B D:\nord\KI-Cl\ggg.for --> eeter.fi.tartu.ee /home/dmitri/nord/KI-Cl ggg.for
2002.02.27 18:38 B D:\nord\KI-Cl\k3a.for --> eeter.fi.tartu.ee /home/dmitri/nord/KI-Cl k3a.for
2002.02.27 18:39 B D:\nord\KI-Cl\k3cla.for --> eeter.fi.tartu.ee /home/dmitri/nord/KI-Cl k3cla.for
2002.02.27 18:40 B D:\nord\KI-Cl\KICL100.DAT --> eeter.fi.tartu.ee /home/dmitri/nord/KI-Cl KICL100.DAT
2002.02.27 18:40 B D:\nord\KI-Cl\norm.for --> eeter.fi.tartu.ee /home/dmitri/nord/KI-Cl norm.for
2002.08.10 21:05 B C:\nord\KI-Cl\WS_FTP.LOG --> eeter.fi.tartu.ee /home/dmitri/nord/KI-Cl WS_FTP.LOG
